0 info it worked if it ends with ok
1 verbose cli [ '/usr/bin/node', '/usr/bin/npm', 'install', '-g', 'html-pdf' ]
2 info using npm@1.4.28
3 info using node@v0.10.37
4 verbose node symlink /usr/bin/node
5 verbose cache add [ 'html-pdf', null ]
6 verbose cache add name=undefined spec="html-pdf" args=["html-pdf",null]
7 verbose parsed url { protocol: null,
7 verbose parsed url   slashes: null,
7 verbose parsed url   auth: null,
7 verbose parsed url   host: null,
7 verbose parsed url   port: null,
7 verbose parsed url   hostname: null,
7 verbose parsed url   hash: null,
7 verbose parsed url   search: null,
7 verbose parsed url   query: null,
7 verbose parsed url   pathname: 'html-pdf',
7 verbose parsed url   path: 'html-pdf',
7 verbose parsed url   href: 'html-pdf' }
8 silly lockFile 1ee5c62f-html-pdf html-pdf
9 verbose lock html-pdf /home/dragoshorodnic/.npm/1ee5c62f-html-pdf.lock
10 silly lockFile 1ee5c62f-html-pdf html-pdf
11 silly lockFile 1ee5c62f-html-pdf html-pdf
12 verbose addNamed [ 'html-pdf', '' ]
13 verbose addNamed [ null, '*' ]
14 silly lockFile 69385787-html-pdf html-pdf@
15 verbose lock html-pdf@ /home/dragoshorodnic/.npm/69385787-html-pdf.lock
16 silly addNameRange { name: 'html-pdf', range: '*', hasData: false }
17 verbose request where is /html-pdf
18 verbose request registry https://registry.npmjs.org/
19 verbose request id ddd88db551d4f2c5
20 verbose url raw /html-pdf
21 verbose url resolving [ 'https://registry.npmjs.org/', './html-pdf' ]
22 verbose url resolved https://registry.npmjs.org/html-pdf
23 verbose request where is https://registry.npmjs.org/html-pdf
24 info trying registry request attempt 1 at 11:00:54
25 http GET https://registry.npmjs.org/html-pdf
26 http 200 https://registry.npmjs.org/html-pdf
27 silly registry.get cb [ 200,
27 silly registry.get   { server: 'CouchDB/1.5.0 (Erlang OTP/R16B03)',
27 silly registry.get     etag: '"ETGVWXYB4BF55BLN35O37X0M3"',
27 silly registry.get     'content-type': 'application/json',
27 silly registry.get     'cache-control': 'max-age=60',
27 silly registry.get     'content-length': '23525',
27 silly registry.get     'accept-ranges': 'bytes',
27 silly registry.get     date: 'Sun, 11 Oct 2015 08:00:55 GMT',
27 silly registry.get     via: '1.1 varnish',
27 silly registry.get     age: '0',
27 silly registry.get     connection: 'keep-alive',
27 silly registry.get     'x-served-by': 'cache-fra1233-FRA',
27 silly registry.get     'x-cache': 'MISS',
27 silly registry.get     'x-cache-hits': '0',
27 silly registry.get     'x-timer': 'S1444550455.042475,VS0,VE109',
27 silly registry.get     vary: 'Accept' } ]
28 silly addNameRange number 2 { name: 'html-pdf', range: '*', hasData: true }
29 silly addNameRange versions [ 'html-pdf',
29 silly addNameRange   [ '0.0.1',
29 silly addNameRange     '0.0.2',
29 silly addNameRange     '0.1.0',
29 silly addNameRange     '0.1.1',
29 silly addNameRange     '0.1.2',
29 silly addNameRange     '0.1.3',
29 silly addNameRange     '0.2.0',
29 silly addNameRange     '0.2.1',
29 silly addNameRange     '0.3.0',
29 silly addNameRange     '1.0.0',
29 silly addNameRange     '1.1.0',
29 silly addNameRange     '1.2.0',
29 silly addNameRange     '1.2.1',
29 silly addNameRange     '1.2.2',
29 silly addNameRange     '1.3.0',
29 silly addNameRange     '1.4.0' ] ]
30 verbose addNamed [ 'html-pdf', '1.4.0' ]
31 verbose addNamed [ '1.4.0', '1.4.0' ]
32 silly lockFile 0df58efb-html-pdf-1-4-0 html-pdf@1.4.0
33 verbose lock html-pdf@1.4.0 /home/dragoshorodnic/.npm/0df58efb-html-pdf-1-4-0.lock
34 silly lockFile 6fd75dee--org-html-pdf-html-pdf-1-4-0-tgz https://registry.npmjs.org/html-pdf/-/html-pdf-1.4.0.tgz
35 verbose lock https://registry.npmjs.org/html-pdf/-/html-pdf-1.4.0.tgz /home/dragoshorodnic/.npm/6fd75dee--org-html-pdf-html-pdf-1-4-0-tgz.lock
36 verbose addRemoteTarball [ 'https://registry.npmjs.org/html-pdf/-/html-pdf-1.4.0.tgz',
36 verbose addRemoteTarball   'ae6cbd12c6f7f9e61e6535cde191fe260a6f98b4' ]
37 info retry fetch attempt 1 at 11:00:55
38 verbose fetch to= /tmp/npm-4829-HC3e9apX/registry.npmjs.org/html-pdf/-/html-pdf-1.4.0.tgz
39 http GET https://registry.npmjs.org/html-pdf/-/html-pdf-1.4.0.tgz
40 http 200 https://registry.npmjs.org/html-pdf/-/html-pdf-1.4.0.tgz
41 silly lockFile 6fd75dee--org-html-pdf-html-pdf-1-4-0-tgz https://registry.npmjs.org/html-pdf/-/html-pdf-1.4.0.tgz
42 silly lockFile 6fd75dee--org-html-pdf-html-pdf-1-4-0-tgz https://registry.npmjs.org/html-pdf/-/html-pdf-1.4.0.tgz
43 silly lockFile 0df58efb-html-pdf-1-4-0 html-pdf@1.4.0
44 silly lockFile 0df58efb-html-pdf-1-4-0 html-pdf@1.4.0
45 silly lockFile 69385787-html-pdf html-pdf@
46 silly lockFile 69385787-html-pdf html-pdf@
47 silly resolved [ { name: 'html-pdf',
47 silly resolved     version: '1.4.0',
47 silly resolved     description: 'HTML to PDF converter that uses phantomjs',
47 silly resolved     main: 'lib/index.js',
47 silly resolved     directories: { test: 'test' },
47 silly resolved     bin: { 'html-pdf': 'bin/index.js' },
47 silly resolved     scripts:
47 silly resolved      { build: 'coffee --compile --output lib/ src/',
47 silly resolved        standard: 'standard bin/index.js',
47 silly resolved        exectest: 'coffee test/index.coffee -n',
47 silly resolved        test: 'npm run standard && npm run build  && npm run exectest' },
47 silly resolved     author: { name: 'Marc Bachmann' },
47 silly resolved     license: 'MIT',
47 silly resolved     devDependencies:
47 silly resolved      { 'coffee-script': '^1.7.1',
47 silly resolved        standard: '^5.1.1',
47 silly resolved        'tap-spec': '^2.2.0',
47 silly resolved        tape: '^3.4.0' },
47 silly resolved     optionalDependencies: { phantomjs: '^1.9.16' },
47 silly resolved     repository:
47 silly resolved      { type: 'git',
47 silly resolved        url: 'git://github.com/marcbachmann/node-html-pdf.git' },
47 silly resolved     keywords: [ 'html', 'pdf', 'phantom', 'phantomjs', 'nodejs' ],
47 silly resolved     bugs: { url: 'https://github.com/marcbachmann/node-html-pdf/issues' },
47 silly resolved     homepage: 'https://github.com/marcbachmann/node-html-pdf',
47 silly resolved     gitHead: 'daec9a62ae4954230f665dfc885f6442485262b0',
47 silly resolved     dependencies: { phantomjs: '^1.9.16' },
47 silly resolved     _id: 'html-pdf@1.4.0',
47 silly resolved     _shasum: 'ae6cbd12c6f7f9e61e6535cde191fe260a6f98b4',
47 silly resolved     _from: 'html-pdf@',
47 silly resolved     _npmVersion: '2.12.0',
47 silly resolved     _nodeVersion: '0.10.38',
47 silly resolved     _npmUser: { name: 'marcbachmann', email: 'marc.brookman@gmail.com' },
47 silly resolved     maintainers: [ [Object] ],
47 silly resolved     dist:
47 silly resolved      { shasum: 'ae6cbd12c6f7f9e61e6535cde191fe260a6f98b4',
47 silly resolved        tarball: 'http://registry.npmjs.org/html-pdf/-/html-pdf-1.4.0.tgz' },
47 silly resolved     _resolved: 'https://registry.npmjs.org/html-pdf/-/html-pdf-1.4.0.tgz' } ]
48 info install html-pdf@1.4.0 into /usr/lib
49 info installOne html-pdf@1.4.0
50 verbose lib/node_modules/html-pdf unbuild
51 verbose tar unpack /home/dragoshorodnic/.npm/html-pdf/1.4.0/package.tgz
52 silly lockFile ee7bbedf-ar-usr-lib-node-modules-html-pdf tar:///usr/lib/node_modules/html-pdf
53 verbose lock tar:///usr/lib/node_modules/html-pdf /home/dragoshorodnic/.npm/ee7bbedf-ar-usr-lib-node-modules-html-pdf.lock
54 silly lockFile 4b4c987b-c-npm-html-pdf-1-4-0-package-tgz tar:///home/dragoshorodnic/.npm/html-pdf/1.4.0/package.tgz
55 verbose lock tar:///home/dragoshorodnic/.npm/html-pdf/1.4.0/package.tgz /home/dragoshorodnic/.npm/4b4c987b-c-npm-html-pdf-1-4-0-package-tgz.lock
56 silly gunzTarPerm modes [ '775', '664' ]
57 error Error: EACCES, mkdir '/usr/lib/node_modules/html-pdf'
57 error  { [Error: EACCES, mkdir '/usr/lib/node_modules/html-pdf']
57 error   errno: 3,
57 error   code: 'EACCES',
57 error   path: '/usr/lib/node_modules/html-pdf',
57 error   fstream_type: 'Directory',
57 error   fstream_path: '/usr/lib/node_modules/html-pdf',
57 error   fstream_class: 'DirWriter',
57 error   fstream_stack:
57 error    [ '/usr/lib/node_modules/npm/node_modules/fstream/lib/dir-writer.js:36:23',
57 error      '/usr/lib/node_modules/npm/node_modules/mkdirp/index.js:46:53',
57 error      'Object.oncomplete (fs.js:108:15)' ] }
58 error Please try running this command again as root/Administrator.
59 error System Linux 3.2.0-76-generic
60 error command "/usr/bin/node" "/usr/bin/npm" "install" "-g" "html-pdf"
61 error cwd /home/dragoshorodnic/Downloads/hack/meteor-tickets
62 error node -v v0.10.37
63 error npm -v 1.4.28
64 error path /usr/lib/node_modules/html-pdf
65 error fstream_path /usr/lib/node_modules/html-pdf
66 error fstream_type Directory
67 error fstream_class DirWriter
68 error code EACCES
69 error errno 3
70 error stack Error: EACCES, mkdir '/usr/lib/node_modules/html-pdf'
71 error fstream_stack /usr/lib/node_modules/npm/node_modules/fstream/lib/dir-writer.js:36:23
71 error fstream_stack /usr/lib/node_modules/npm/node_modules/mkdirp/index.js:46:53
71 error fstream_stack Object.oncomplete (fs.js:108:15)
72 verbose exit [ 3, true ]
